<?xml version="1.0" encoding="UTF-8"?>
<coverage generated="1476143400">
  <project timestamp="1476143400">
    <package name="Ecfectus\Cache\Adapters">
      <file name="/Users/leemason/ecfectus/cache/src/Adapters/AbstractAdapter.php">
        <class name="AbstractAdapter" namespace="Ecfectus\Cache\Adapters">
          <metrics complexity="22" methods="9" coveredmethods="4" conditionals="0" coveredconditionals="0" statements="38" coveredstatements="28" elements="47" coveredelements="32"/>
        </class>
        <line num="18" type="method" name="get" visibility="public" complexity="3" crap="3.04" count="6"/>
        <line num="20" type="stmt" count="6"/>
        <line num="21" type="stmt" count="1"/>
        <line num="23" type="stmt" count="6"/>
        <line num="24" type="stmt" count="6"/>
        <line num="25" type="stmt" count="0"/>
        <line num="27" type="stmt" count="6"/>
        <line num="34" type="method" name="has" visibility="public" complexity="1" crap="1" count="10"/>
        <line num="36" type="stmt" count="10"/>
        <line num="42" type="method" name="remember" visibility="public" complexity="3" crap="3.07" count="1"/>
        <line num="44" type="stmt" count="1"/>
        <line num="45" type="stmt" count="0"/>
        <line num="47" type="stmt" count="1"/>
        <line num="48" type="stmt" count="1"/>
        <line num="49" type="stmt" count="1"/>
        <line num="55" type="method" name="pull" visibility="public" complexity="2" crap="2.03" count="1"/>
        <line num="57" type="stmt" count="1"/>
        <line num="58" type="stmt" count="0"/>
        <line num="60" type="stmt" count="1"/>
        <line num="61" type="stmt" count="1"/>
        <line num="62" type="stmt" count="1"/>
        <line num="68" type="method" name="put" visibility="public" complexity="4" crap="5.26" count="9"/>
        <line num="70" type="stmt" count="9"/>
        <line num="71" type="stmt" count="9"/>
        <line num="73" type="stmt" count="9"/>
        <line num="74" type="stmt" count="0"/>
        <line num="75" type="stmt" count="0"/>
        <line num="76" type="stmt" count="0"/>
        <line num="79" type="stmt" count="9"/>
        <line num="85" type="method" name="add" visibility="public" complexity="2" crap="2" count="2"/>
        <line num="87" type="stmt" count="2"/>
        <line num="88" type="stmt" count="1"/>
        <line num="90" type="stmt" count="2"/>
        <line num="96" type="method" name="defer" visibility="public" complexity="5" crap="7.19" count="1"/>
        <line num="98" type="stmt" count="1"/>
        <line num="99" type="stmt" count="0"/>
        <line num="101" type="stmt" count="1"/>
        <line num="102" type="stmt" count="1"/>
        <line num="104" type="stmt" count="1"/>
        <line num="105" type="stmt" count="0"/>
        <line num="106" type="stmt" count="0"/>
        <line num="107" type="stmt" count="0"/>
        <line num="110" type="stmt" count="1"/>
        <line num="116" type="method" name="forever" visibility="public" complexity="1" crap="1" count="1"/>
        <line num="118" type="stmt" count="1"/>
        <line num="124" type="method" name="forget" visibility="public" complexity="1" crap="1" count="2"/>
        <line num="126" type="stmt" count="2"/>
        <metrics loc="127" ncloc="94" classes="1" methods="9" coveredmethods="4" conditionals="0" coveredconditionals="0" statements="38" coveredstatements="28" elements="47" coveredelements="32"/>
      </file>
      <file name="/Users/leemason/ecfectus/cache/src/Adapters/ProxyAdapter.php">
        <class name="ProxyAdapter" namespace="Ecfectus\Cache\Adapters">
          <metrics complexity="11" methods="11" coveredmethods="9" conditionals="0" coveredconditionals="0" statements="12" coveredstatements="10" elements="23" coveredelements="19"/>
        </class>
        <line num="25" type="method" name="__construct" visibility="public" complexity="1" crap="1" count="12"/>
        <line num="27" type="stmt" count="12"/>
        <line num="28" type="stmt" count="12"/>
        <line num="33" type="method" name="getPool" visibility="public" complexity="1" crap="1" count="1"/>
        <line num="35" type="stmt" count="1"/>
        <line num="41" type="method" name="getItem" visibility="public" complexity="1" crap="1" count="10"/>
        <line num="43" type="stmt" count="10"/>
        <line num="49" type="method" name="getItems" visibility="public" complexity="1" crap="2" count="0"/>
        <line num="51" type="stmt" count="0"/>
        <line num="57" type="method" name="hasItem" visibility="public" complexity="1" crap="1" count="10"/>
        <line num="59" type="stmt" count="10"/>
        <line num="65" type="method" name="clear" visibility="public" complexity="1" crap="1" count="1"/>
        <line num="67" type="stmt" count="1"/>
        <line num="73" type="method" name="deleteItem" visibility="public" complexity="1" crap="1" count="2"/>
        <line num="75" type="stmt" count="2"/>
        <line num="81" type="method" name="deleteItems" visibility="public" complexity="1" crap="2" count="0"/>
        <line num="83" type="stmt" count="0"/>
        <line num="89" type="method" name="save" visibility="public" complexity="1" crap="1" count="9"/>
        <line num="91" type="stmt" count="9"/>
        <line num="97" type="method" name="saveDeferred" visibility="public" complexity="1" crap="1" count="1"/>
        <line num="99" type="stmt" count="1"/>
        <line num="105" type="method" name="commit" visibility="public" complexity="1" crap="1" count="1"/>
        <line num="107" type="stmt" count="1"/>
        <metrics loc="109" ncloc="65" classes="1" methods="11" coveredmethods="9" conditionals="0" coveredconditionals="0" statements="12" coveredstatements="10" elements="23" coveredelements="19"/>
      </file>
    </package>
    <file name="/Users/leemason/ecfectus/cache/src/CacheItemPoolInterface.php">
      <metrics loc="95" ncloc="25" classes="0" methods="0" coveredmethods="0" conditionals="0" coveredconditionals="0" statements="0" coveredstatements="0" elements="0" coveredelements="0"/>
    </file>
    <package name="Ecfectus\Cache">
      <file name="/Users/leemason/ecfectus/cache/src/CacheManager.php">
        <class name="CacheManager" namespace="Ecfectus\Cache">
          <metrics complexity="50" methods="26" coveredmethods="17" conditionals="0" coveredconditionals="0" statements="74" coveredstatements="53" elements="100" coveredelements="70"/>
        </class>
        <line num="25" type="stmt" count="1"/>
        <line num="137" type="method" name="__construct" visibility="public" complexity="3" crap="3" count="16"/>
        <line num="139" type="stmt" count="16"/>
        <line num="141" type="stmt" count="16"/>
        <line num="143" type="stmt" count="16"/>
        <line num="144" type="stmt" count="12"/>
        <line num="145" type="method" name="anonymous function" complexity="1" crap="1" count="12"/>
        <line num="146" type="stmt" count="12"/>
        <line num="147" type="stmt" count="12"/>
        <line num="150" type="stmt" count="16"/>
        <line num="155" type="method" name="getDefaultDriver" visibility="public" complexity="1" crap="1" count="12"/>
        <line num="157" type="stmt" count="12"/>
        <line num="163" type="method" name="getImplements" visibility="public" complexity="1" crap="1" count="12"/>
        <line num="165" type="stmt" count="12"/>
        <line num="171" type="method" name="store" visibility="public" complexity="1" crap="1" count="1"/>
        <line num="173" type="stmt" count="1"/>
        <line num="179" type="method" name="setPdoConnection" visibility="public" complexity="1" crap="1" count="2"/>
        <line num="181" type="stmt" count="2"/>
        <line num="182" type="stmt" count="2"/>
        <line num="188" type="method" name="setRedisConnection" visibility="public" complexity="6" crap="6.29" count="1"/>
        <line num="191" type="stmt" count="1"/>
        <line num="192" type="stmt" count="1"/>
        <line num="193" type="stmt" count="1"/>
        <line num="194" type="stmt" count="1"/>
        <line num="196" type="stmt" count="1"/>
        <line num="198" type="stmt" count="1"/>
        <line num="199" type="stmt" count="1"/>
        <line num="200" type="stmt" count="1"/>
        <line num="204" type="stmt" count="0"/>
        <line num="205" type="stmt" count="0"/>
        <line num="215" type="method" name="createProxyAdapter" visibility="public" complexity="18" crap="31.06" count="13"/>
        <line num="217" type="stmt" count="13"/>
        <line num="218" type="stmt" count="13"/>
        <line num="219" type="stmt" count="12"/>
        <line num="221" type="stmt" count="3"/>
        <line num="222" type="stmt" count="2"/>
        <line num="224" type="stmt" count="2"/>
        <line num="225" type="stmt" count="1"/>
        <line num="227" type="stmt" count="2"/>
        <line num="228" type="stmt" count="0"/>
        <line num="230" type="stmt" count="2"/>
        <line num="231" type="stmt" count="1"/>
        <line num="233" type="stmt" count="2"/>
        <line num="234" type="stmt" count="0"/>
        <line num="236" type="stmt" count="2"/>
        <line num="237" type="stmt" count="1"/>
        <line num="238" type="stmt" count="0"/>
        <line num="240" type="stmt" count="1"/>
        <line num="241" type="stmt" count="1"/>
        <line num="243" type="stmt" count="2"/>
        <line num="245" type="stmt" count="0"/>
        <line num="246" type="stmt" count="0"/>
        <line num="247" type="stmt" count="0"/>
        <line num="248" type="stmt" count="0"/>
        <line num="249" type="stmt" count="0"/>
        <line num="251" type="stmt" count="0"/>
        <line num="253" type="stmt" count="0"/>
        <line num="254" type="stmt" count="0"/>
        <line num="256" type="stmt" count="2"/>
        <line num="257" type="stmt" count="1"/>
        <line num="258" type="stmt" count="1"/>
        <line num="259" type="stmt" count="1"/>
        <line num="260" type="stmt" count="1"/>
        <line num="262" type="stmt" count="1"/>
        <line num="263" type="stmt" count="0"/>
        <line num="265" type="stmt" count="1"/>
        <line num="271" type="method" name="getItem" visibility="public" complexity="1" crap="2" count="0"/>
        <line num="273" type="stmt" count="0"/>
        <line num="279" type="method" name="getItems" visibility="public" complexity="1" crap="2" count="0"/>
        <line num="281" type="stmt" count="0"/>
        <line num="287" type="method" name="hasItem" visibility="public" complexity="1" crap="2" count="0"/>
        <line num="289" type="stmt" count="0"/>
        <line num="295" type="method" name="clear" visibility="public" complexity="1" crap="1" count="1"/>
        <line num="297" type="stmt" count="1"/>
        <line num="303" type="method" name="deleteItem" visibility="public" complexity="1" crap="2" count="0"/>
        <line num="305" type="stmt" count="0"/>
        <line num="311" type="method" name="deleteItems" visibility="public" complexity="1" crap="2" count="0"/>
        <line num="313" type="stmt" count="0"/>
        <line num="319" type="method" name="save" visibility="public" complexity="1" crap="2" count="0"/>
        <line num="321" type="stmt" count="0"/>
        <line num="327" type="method" name="saveDeferred" visibility="public" complexity="1" crap="2" count="0"/>
        <line num="329" type="stmt" count="0"/>
        <line num="335" type="method" name="commit" visibility="public" complexity="1" crap="1" count="1"/>
        <line num="337" type="stmt" count="1"/>
        <line num="343" type="method" name="get" visibility="public" complexity="1" crap="1" count="5"/>
        <line num="345" type="stmt" count="5"/>
        <line num="351" type="method" name="has" visibility="public" complexity="1" crap="1" count="8"/>
        <line num="353" type="stmt" count="8"/>
        <line num="359" type="method" name="remember" visibility="public" complexity="1" crap="1" count="1"/>
        <line num="361" type="stmt" count="1"/>
        <line num="367" type="method" name="pull" visibility="public" complexity="1" crap="1" count="1"/>
        <line num="369" type="stmt" count="1"/>
        <line num="375" type="method" name="put" visibility="public" complexity="1" crap="1" count="5"/>
        <line num="377" type="stmt" count="5"/>
        <line num="383" type="method" name="add" visibility="public" complexity="1" crap="1" count="2"/>
        <line num="385" type="stmt" count="2"/>
        <line num="391" type="method" name="defer" visibility="public" complexity="1" crap="1" count="1"/>
        <line num="393" type="stmt" count="1"/>
        <line num="399" type="method" name="forever" visibility="public" complexity="1" crap="1" count="1"/>
        <line num="401" type="stmt" count="1"/>
        <line num="407" type="method" name="forget" visibility="public" complexity="1" crap="1" count="1"/>
        <line num="409" type="stmt" count="1"/>
        <metrics loc="411" ncloc="309" classes="1" methods="26" coveredmethods="17" conditionals="0" coveredconditionals="0" statements="76" coveredstatements="55" elements="102" coveredelements="72"/>
      </file>
    </package>
    <file name="/Users/leemason/ecfectus/cache/src/CacheManagerInterface.php">
      <metrics loc="71" ncloc="22" classes="0" methods="0" coveredmethods="0" conditionals="0" coveredconditionals="0" statements="0" coveredstatements="0" elements="0" coveredelements="0"/>
    </file>
    <metrics files="5" loc="813" ncloc="515" classes="3" methods="46" coveredmethods="30" conditionals="0" coveredconditionals="0" statements="126" coveredstatements="93" elements="172" coveredelements="123"/>
  </project>
</coverage>
